<?xml version="1.0" encoding="UTF-8"?>
<!-- Generated by org.testng.reporters.JUnitReportReporter -->
<testsuite hostname="hh" failures="0" tests="1" name="com.qa.apiTest.GetAPITest" time="2.655" errors="0" timestamp="2022-04-28T16:32:35 IST" skipped="0">
  <testcase classname="com.qa.apiTest.GetAPITest" name="test" time="2.655"/>
  <system-out/>
</testsuite> <!-- com.qa.apiTest.GetAPITest -->
