<?xml version="1.0" encoding="UTF-8"?>
<!-- Generated by org.testng.reporters.JUnitReportReporter -->
<testsuite hostname="hh" failures="0" tests="2" name="com.qa.testCases.HomePageTestScenario1" time="31.132" errors="0" timestamp="2022-03-02T17:22:41 IST" skipped="0">
  <testcase classname="com.qa.testCases.HomePageTestScenario1" name="search" time="19.671"/>
  <system-out/>
  <testcase classname="com.qa.testCases.HomePageTestScenario1" name="homepagelogo" time="11.461"/>
  <system-out/>
</testsuite> <!-- com.qa.testCases.HomePageTestScenario1 -->
