<?xml version="1.0" encoding="UTF-8"?>
<!-- Generated by org.testng.reporters.JUnitReportReporter -->
<testsuite hostname="hh" failures="0" tests="1" name="testClass.PomTestClass" time="0.022" errors="0" timestamp="2022-04-20T21:48:29 IST" skipped="0">
  <testcase classname="testClass.PomTestClass" name="test" time="0.022"/>
  <system-out/>
</testsuite> <!-- testClass.PomTestClass -->
